[02Mar2026 00:00:14.877] [Server thread/INFO] [net.minecraft.client.server.IntegratedServer/]: Saving and pausing game...
[02Mar2026 00:00:14.905] [Server thread/INFO] [net.minecraft.server.MinecraftServer/]: Saving chunks for level 'ServerLevel[New World]'/minecraft:overworld
[02Mar2026 00:00:14.916] [Server thread/INFO] [net.minecraft.server.MinecraftServer/]: Saving chunks for level 'ServerLevel[New World]'/sgjourney:athos
[02Mar2026 00:00:14.917] [Server thread/INFO] [net.minecraft.server.MinecraftServer/]: Saving chunks for level 'ServerLevel[New World]'/sgjourney:chulak
[02Mar2026 00:00:14.917] [Server thread/INFO] [net.minecraft.server.MinecraftServer/]: Saving chunks for level 'ServerLevel[New World]'/ad_astra:moon
[02Mar2026 00:00:14.918] [Server thread/INFO] [net.minecraft.server.MinecraftServer/]: Saving chunks for level 'ServerLevel[New World]'/ad_astra:earth_orbit
[02Mar2026 00:00:14.918] [Server thread/INFO] [net.minecraft.server.MinecraftServer/]: Saving chunks for level 'ServerLevel[New World]'/ad_astra:moon_orbit
[02Mar2026 00:00:14.920] [Server thread/INFO] [net.minecraft.server.MinecraftServer/]: Saving chunks for level 'ServerLevel[New World]'/sgjourney:lantea
[02Mar2026 00:00:14.921] [Server thread/INFO] [net.minecraft.server.MinecraftServer/]: Saving chunks for level 'ServerLevel[New World]'/sgjourney:cavum_tenebrae
[02Mar2026 00:00:14.922] [Server thread/INFO] [net.minecraft.server.MinecraftServer/]: Saving chunks for level 'ServerLevel[New World]'/ad_astra:glacio
[02Mar2026 00:00:14.922] [Server thread/INFO] [net.minecraft.server.MinecraftServer/]: Saving chunks for level 'ServerLevel[New World]'/ad_astra:glacio_orbit
[02Mar2026 00:00:14.923] [Server thread/INFO] [net.minecraft.server.MinecraftServer/]: Saving chunks for level 'ServerLevel[New World]'/ad_astra:mars
[02Mar2026 00:00:14.923] [Server thread/INFO] [net.minecraft.server.MinecraftServer/]: Saving chunks for level 'ServerLevel[New World]'/minecraft:the_nether
[02Mar2026 00:00:14.924] [Server thread/INFO] [net.minecraft.server.MinecraftServer/]: Saving chunks for level 'ServerLevel[New World]'/ad_astra:mars_orbit
[02Mar2026 00:00:14.925] [Server thread/INFO] [net.minecraft.server.MinecraftServer/]: Saving chunks for level 'ServerLevel[New World]'/sgjourney:abydos
[02Mar2026 00:00:14.925] [Server thread/INFO] [net.minecraft.server.MinecraftServer/]: Saving chunks for level 'ServerLevel[New World]'/sgjourney:rima
[02Mar2026 00:00:14.926] [Server thread/INFO] [net.minecraft.server.MinecraftServer/]: Saving chunks for level 'ServerLevel[New World]'/ad_astra:mercury
[02Mar2026 00:00:14.927] [Server thread/INFO] [net.minecraft.server.MinecraftServer/]: Saving chunks for level 'ServerLevel[New World]'/ad_astra:venus
[02Mar2026 00:00:14.928] [Server thread/INFO] [net.minecraft.server.MinecraftServer/]: Saving chunks for level 'ServerLevel[New World]'/sgjourney:unitas
[02Mar2026 00:00:14.928] [Server thread/INFO] [net.minecraft.server.MinecraftServer/]: Saving chunks for level 'ServerLevel[New World]'/minecraft:the_end
[02Mar2026 00:00:14.929] [Server thread/INFO] [net.minecraft.server.MinecraftServer/]: Saving chunks for level 'ServerLevel[New World]'/ad_astra:mercury_orbit
[02Mar2026 00:00:14.930] [Server thread/INFO] [net.minecraft.server.MinecraftServer/]: Saving chunks for level 'ServerLevel[New World]'/ad_astra:venus_orbit
[02Mar2026 00:00:14.931] [Server thread/INFO] [net.minecraft.server.MinecraftServer/]: Saving chunks for level 'ServerLevel[New World]'/ae2:spatial_storage
[02Mar2026 00:00:26.427] [Server thread/INFO] [net.minecraft.client.server.IntegratedServer/]: Saving and pausing game...
[02Mar2026 00:00:26.441] [Server thread/INFO] [net.minecraft.server.MinecraftServer/]: Saving chunks for level 'ServerLevel[New World]'/minecraft:overworld
[02Mar2026 00:00:26.447] [Server thread/INFO] [net.minecraft.server.MinecraftServer/]: Saving chunks for level 'ServerLevel[New World]'/sgjourney:athos
[02Mar2026 00:00:26.448] [Server thread/INFO] [net.minecraft.server.MinecraftServer/]: Saving chunks for level 'ServerLevel[New World]'/sgjourney:chulak
[02Mar2026 00:00:26.448] [Server thread/INFO] [net.minecraft.server.MinecraftServer/]: Saving chunks for level 'ServerLevel[New World]'/ad_astra:moon
[02Mar2026 00:00:26.448] [Server thread/INFO] [net.minecraft.server.MinecraftServer/]: Saving chunks for level 'ServerLevel[New World]'/ad_astra:earth_orbit
[02Mar2026 00:00:26.449] [Server thread/INFO] [net.minecraft.server.MinecraftServer/]: Saving chunks for level 'ServerLevel[New World]'/ad_astra:moon_orbit
[02Mar2026 00:00:26.449] [Server thread/INFO] [net.minecraft.server.MinecraftServer/]: Saving chunks for level 'ServerLevel[New World]'/sgjourney:lantea
[02Mar2026 00:00:26.450] [Server thread/INFO] [net.minecraft.server.MinecraftServer/]: Saving chunks for level 'ServerLevel[New World]'/sgjourney:cavum_tenebrae
[02Mar2026 00:00:26.450] [Server thread/INFO] [net.minecraft.server.MinecraftServer/]: Saving chunks for level 'ServerLevel[New World]'/ad_astra:glacio
[02Mar2026 00:00:26.451] [Server thread/INFO] [net.minecraft.server.MinecraftServer/]: Saving chunks for level 'ServerLevel[New World]'/ad_astra:glacio_orbit
[02Mar2026 00:00:26.451] [Server thread/INFO] [net.minecraft.server.MinecraftServer/]: Saving chunks for level 'ServerLevel[New World]'/ad_astra:mars
[02Mar2026 00:00:26.451] [Server thread/INFO] [net.minecraft.server.MinecraftServer/]: Saving chunks for level 'ServerLevel[New World]'/minecraft:the_nether
[02Mar2026 00:00:26.451] [Server thread/INFO] [net.minecraft.server.MinecraftServer/]: Saving chunks for level 'ServerLevel[New World]'/ad_astra:mars_orbit
[02Mar2026 00:00:26.452] [Server thread/INFO] [net.minecraft.server.MinecraftServer/]: Saving chunks for level 'ServerLevel[New World]'/sgjourney:abydos
[02Mar2026 00:00:26.452] [Server thread/INFO] [net.minecraft.server.MinecraftServer/]: Saving chunks for level 'ServerLevel[New World]'/sgjourney:rima
[02Mar2026 00:00:26.452] [Server thread/INFO] [net.minecraft.server.MinecraftServer/]: Saving chunks for level 'ServerLevel[New World]'/ad_astra:mercury
[02Mar2026 00:00:26.453] [Server thread/INFO] [net.minecraft.server.MinecraftServer/]: Saving chunks for level 'ServerLevel[New World]'/ad_astra:venus
[02Mar2026 00:00:26.453] [Server thread/INFO] [net.minecraft.server.MinecraftServer/]: Saving chunks for level 'ServerLevel[New World]'/sgjourney:unitas
[02Mar2026 00:00:26.454] [Server thread/INFO] [net.minecraft.server.MinecraftServer/]: Saving chunks for level 'ServerLevel[New World]'/minecraft:the_end
[02Mar2026 00:00:26.454] [Server thread/INFO] [net.minecraft.server.MinecraftServer/]: Saving chunks for level 'ServerLevel[New World]'/ad_astra:mercury_orbit
[02Mar2026 00:00:26.454] [Server thread/INFO] [net.minecraft.server.MinecraftServer/]: Saving chunks for level 'ServerLevel[New World]'/ad_astra:venus_orbit
[02Mar2026 00:00:26.455] [Server thread/INFO] [net.minecraft.server.MinecraftServer/]: Saving chunks for level 'ServerLevel[New World]'/ae2:spatial_storage
[02Mar2026 00:00:28.133] [Render thread/INFO] [Oculus/]: Reloading pipeline on dimension change: NamespacedId{namespace='minecraft', name='overworld'} => NamespacedId{namespace='sgjourney', name='abydos'}
[02Mar2026 00:00:28.134] [Render thread/INFO] [Oculus/]: Destroying pipeline NamespacedId{namespace='minecraft', name='overworld'}
[02Mar2026 00:00:28.134] [Render thread/INFO] [Oculus/]: Creating pipeline for dimension NamespacedId{namespace='sgjourney', name='abydos'}
[02Mar2026 00:00:28.135] [Render thread/INFO] [ChunkBuilder/]: Stopping worker threads
[02Mar2026 00:00:28.154] [Render thread/INFO] [ChunkBuilder/]: Started 10 worker threads
[02Mar2026 00:00:28.163] [Render thread/INFO] [ChunkBuilder/]: Stopping worker threads
[02Mar2026 00:00:28.172] [Render thread/INFO] [ChunkBuilder/]: Started 10 worker threads
[02Mar2026 00:00:28.178] [Render thread/INFO] [ChunkBuilder/]: Stopping worker threads
[02Mar2026 00:00:28.187] [Render thread/INFO] [ChunkBuilder/]: Started 10 worker threads
[02Mar2026 00:00:36.449] [Server thread/INFO] [net.minecraft.server.MinecraftServer/]: [tomoko3seven: ]
[02Mar2026 00:00:36.454] [Render thread/INFO] [net.minecraft.client.gui.components.ChatComponent/]: [System] [CHAT] Set own game mode to Creative Mode
[02Mar2026 00:00:37.744] [Server thread/INFO] [net.minecraft.server.MinecraftServer/]: [tomoko3seven: Set own game mode to Survival Mode]
[02Mar2026 00:00:37.750] [Render thread/INFO] [net.minecraft.client.gui.components.ChatComponent/]: [System] [CHAT] Set own game mode to Survival Mode
[02Mar2026 00:02:40.040] [CullThread/INFO] [STDOUT/]: [dev.tr7zw.entityculling.CullTask:run:89]: Shutting down culling task!
[02Mar2026 00:02:40.043] [Render thread/INFO] [net.minecraft.client.Minecraft/]: Stopping!
[02Mar2026 00:02:40.059] [Render thread/INFO] [EMI/]: [EMI] Disconnecting from server, EMI data cleared
[02Mar2026 00:02:40.060] [Thread-118/INFO] [EMI/]: [EMI] Clearing data
[02Mar2026 00:02:40.079] [Server thread/INFO] [net.minecraft.server.network.ServerGamePacketListenerImpl/]: tomoko3seven lost connection: Disconnected
[02Mar2026 00:02:40.080] [Server thread/INFO] [net.minecraft.server.MinecraftServer/]: tomoko3seven left the game
[02Mar2026 00:02:40.087] [Render thread/INFO] [mezz.jei.forge.startup.StartEventObserver/]: JEI StartEventObserver received class net.minecraftforge.client.event.ClientPlayerNetworkEvent$LoggingOut
[02Mar2026 00:02:40.087] [Render thread/INFO] [mezz.jei.forge.startup.StartEventObserver/]: JEI StartEventObserver transitioning state from JEI_STARTED to DISABLED
[02Mar2026 00:02:40.088] [Render thread/INFO] [mezz.jei.library.startup.JeiStarter/]: Stopping JEI
[02Mar2026 00:02:40.089] [Render thread/INFO] [mezz.jei.library.load.PluginCaller/]: Sending Runtime Unavailable...
[02Mar2026 00:02:40.093] [Render thread/INFO] [mezz.jei.forge.plugins.forge.ForgeGuiPlugin/]: Stopping JEI GUI
[02Mar2026 00:02:40.099] [Render thread/INFO] [mezz.jei.library.load.PluginCaller/]: Sending Runtime Unavailable took 9.009 ms
[02Mar2026 00:02:40.100] [Server thread/INFO] [net.minecraft.server.network.ServerGamePacketListenerImpl/]: Stopping singleplayer server as player logged out
[02Mar2026 00:02:40.162] [Server thread/INFO] [net.minecraft.server.MinecraftServer/]: Stopping server
[02Mar2026 00:02:40.163] [Server thread/INFO] [net.minecraft.server.MinecraftServer/]: Saving players
[02Mar2026 00:02:40.164] [Server thread/INFO] [net.minecraft.server.MinecraftServer/]: Saving worlds
[02Mar2026 00:02:40.331] [Server thread/INFO] [net.minecraft.server.MinecraftServer/]: Saving chunks for level 'ServerLevel[New World]'/minecraft:overworld
[02Mar2026 00:02:40.618] [Server thread/INFO] [net.minecraft.server.MinecraftServer/]: Saving chunks for level 'ServerLevel[New World]'/sgjourney:athos
[02Mar2026 00:02:40.619] [Server thread/INFO] [net.minecraft.server.MinecraftServer/]: Saving chunks for level 'ServerLevel[New World]'/sgjourney:chulak
[02Mar2026 00:02:40.620] [Server thread/INFO] [net.minecraft.server.MinecraftServer/]: Saving chunks for level 'ServerLevel[New World]'/ad_astra:moon
[02Mar2026 00:02:40.621] [Server thread/INFO] [net.minecraft.server.MinecraftServer/]: Saving chunks for level 'ServerLevel[New World]'/ad_astra:earth_orbit
[02Mar2026 00:02:40.621] [Server thread/INFO] [net.minecraft.server.MinecraftServer/]: Saving chunks for level 'ServerLevel[New World]'/ad_astra:moon_orbit
[02Mar2026 00:02:40.622] [Server thread/INFO] [net.minecraft.server.MinecraftServer/]: Saving chunks for level 'ServerLevel[New World]'/sgjourney:lantea
[02Mar2026 00:02:40.622] [Server thread/INFO] [net.minecraft.server.MinecraftServer/]: Saving chunks for level 'ServerLevel[New World]'/sgjourney:cavum_tenebrae
[02Mar2026 00:02:40.624] [Server thread/INFO] [net.minecraft.server.MinecraftServer/]: Saving chunks for level 'ServerLevel[New World]'/ad_astra:glacio
[02Mar2026 00:02:40.625] [Server thread/INFO] [net.minecraft.server.MinecraftServer/]: Saving chunks for level 'ServerLevel[New World]'/ad_astra:glacio_orbit
[02Mar2026 00:02:40.625] [Server thread/INFO] [net.minecraft.server.MinecraftServer/]: Saving chunks for level 'ServerLevel[New World]'/ad_astra:mars
[02Mar2026 00:02:40.626] [Server thread/INFO] [net.minecraft.server.MinecraftServer/]: Saving chunks for level 'ServerLevel[New World]'/minecraft:the_nether
[02Mar2026 00:02:40.626] [Server thread/INFO] [net.minecraft.server.MinecraftServer/]: Saving chunks for level 'ServerLevel[New World]'/ad_astra:mars_orbit
[02Mar2026 00:02:40.627] [Server thread/INFO] [net.minecraft.server.MinecraftServer/]: Saving chunks for level 'ServerLevel[New World]'/sgjourney:abydos
[02Mar2026 00:02:40.638] [Server thread/INFO] [net.minecraft.server.MinecraftServer/]: Saving chunks for level 'ServerLevel[New World]'/sgjourney:rima
[02Mar2026 00:02:40.639] [Server thread/INFO] [net.minecraft.server.MinecraftServer/]: Saving chunks for level 'ServerLevel[New World]'/ad_astra:mercury
[02Mar2026 00:02:40.640] [Server thread/INFO] [net.minecraft.server.MinecraftServer/]: Saving chunks for level 'ServerLevel[New World]'/ad_astra:venus
[02Mar2026 00:02:40.641] [Server thread/INFO] [net.minecraft.server.MinecraftServer/]: Saving chunks for level 'ServerLevel[New World]'/sgjourney:unitas
[02Mar2026 00:02:40.642] [Server thread/INFO] [net.minecraft.server.MinecraftServer/]: Saving chunks for level 'ServerLevel[New World]'/minecraft:the_end
[02Mar2026 00:02:40.642] [Server thread/INFO] [net.minecraft.server.MinecraftServer/]: Saving chunks for level 'ServerLevel[New World]'/ad_astra:mercury_orbit
[02Mar2026 00:02:40.643] [Server thread/INFO] [net.minecraft.server.MinecraftServer/]: Saving chunks for level 'ServerLevel[New World]'/ad_astra:venus_orbit
[02Mar2026 00:02:40.644] [Server thread/INFO] [net.minecraft.server.MinecraftServer/]: Saving chunks for level 'ServerLevel[New World]'/ae2:spatial_storage
[02Mar2026 00:02:40.699] [Server thread/INFO] [net.minecraft.server.MinecraftServer/]: ThreadedAnvilChunkStorage (New World): All chunks are saved
[02Mar2026 00:02:40.699] [Server thread/INFO] [net.minecraft.server.MinecraftServer/]: ThreadedAnvilChunkStorage (athos): All chunks are saved
[02Mar2026 00:02:40.699] [Server thread/INFO] [net.minecraft.server.MinecraftServer/]: ThreadedAnvilChunkStorage (chulak): All chunks are saved
[02Mar2026 00:02:40.699] [Server thread/INFO] [net.minecraft.server.MinecraftServer/]: ThreadedAnvilChunkStorage (moon): All chunks are saved
[02Mar2026 00:02:40.700] [Server thread/INFO] [net.minecraft.server.MinecraftServer/]: ThreadedAnvilChunkStorage (earth_orbit): All chunks are saved
[02Mar2026 00:02:40.700] [Server thread/INFO] [net.minecraft.server.MinecraftServer/]: ThreadedAnvilChunkStorage (moon_orbit): All chunks are saved
[02Mar2026 00:02:40.700] [Server thread/INFO] [net.minecraft.server.MinecraftServer/]: ThreadedAnvilChunkStorage (lantea): All chunks are saved
[02Mar2026 00:02:40.700] [Server thread/INFO] [net.minecraft.server.MinecraftServer/]: ThreadedAnvilChunkStorage (cavum_tenebrae): All chunks are saved
[02Mar2026 00:02:40.700] [Server thread/INFO] [net.minecraft.server.MinecraftServer/]: ThreadedAnvilChunkStorage (glacio): All chunks are saved
[02Mar2026 00:02:40.700] [Server thread/INFO] [net.minecraft.server.MinecraftServer/]: ThreadedAnvilChunkStorage (glacio_orbit): All chunks are saved
[02Mar2026 00:02:40.700] [Server thread/INFO] [net.minecraft.server.MinecraftServer/]: ThreadedAnvilChunkStorage (mars): All chunks are saved
[02Mar2026 00:02:40.700] [Server thread/INFO] [net.minecraft.server.MinecraftServer/]: ThreadedAnvilChunkStorage (DIM-1): All chunks are saved
[02Mar2026 00:02:40.700] [Server thread/INFO] [net.minecraft.server.MinecraftServer/]: ThreadedAnvilChunkStorage (mars_orbit): All chunks are saved
[02Mar2026 00:02:40.700] [Server thread/INFO] [net.minecraft.server.MinecraftServer/]: ThreadedAnvilChunkStorage (abydos): All chunks are saved
[02Mar2026 00:02:40.700] [Server thread/INFO] [net.minecraft.server.MinecraftServer/]: ThreadedAnvilChunkStorage (rima): All chunks are saved
[02Mar2026 00:02:40.700] [Server thread/INFO] [net.minecraft.server.MinecraftServer/]: ThreadedAnvilChunkStorage (mercury): All chunks are saved
[02Mar2026 00:02:40.700] [Server thread/INFO] [net.minecraft.server.MinecraftServer/]: ThreadedAnvilChunkStorage (venus): All chunks are saved
[02Mar2026 00:02:40.700] [Server thread/INFO] [net.minecraft.server.MinecraftServer/]: ThreadedAnvilChunkStorage (unitas): All chunks are saved
[02Mar2026 00:02:40.700] [Server thread/INFO] [net.minecraft.server.MinecraftServer/]: ThreadedAnvilChunkStorage (DIM1): All chunks are saved
[02Mar2026 00:02:40.700] [Server thread/INFO] [net.minecraft.server.MinecraftServer/]: ThreadedAnvilChunkStorage (mercury_orbit): All chunks are saved
[02Mar2026 00:02:40.700] [Server thread/INFO] [net.minecraft.server.MinecraftServer/]: ThreadedAnvilChunkStorage (venus_orbit): All chunks are saved
[02Mar2026 00:02:40.700] [Server thread/INFO] [net.minecraft.server.MinecraftServer/]: ThreadedAnvilChunkStorage (spatial_storage): All chunks are saved
[02Mar2026 00:02:40.700] [Server thread/INFO] [net.minecraft.server.MinecraftServer/]: ThreadedAnvilChunkStorage: All dimensions are saved
[02Mar2026 00:02:41.981] [Render thread/INFO] [ChunkBuilder/]: Stopping worker threads
[02Mar2026 00:02:42.093] [Render thread/INFO] [FTB Chunks/]: Shutting down map thread
