[23:53:33] [Render thread/INFO] [JMLogger] JourneyMap log initialized.
[23:53:33] [Render thread/INFO] [JourneymapClient] initialize ENTER
[23:53:33] [Render thread/INFO] [ClientAPI] [ClientAPI] built with JourneyMap API 1.9-SNAPSHOT
[23:53:33] [Render thread/INFO] [PluginHelper] Initializing plugins with Client API: journeymap.client.api.impl.ClientAPI
[23:53:33] [Render thread/INFO] [PluginHelper] Initialized IClientPlugin: com.gregtechceu.gtceu.integration.map.journeymap.JourneyMapPlugin
[23:53:33] [Render thread/DEBUG] [JourneymapClient] Loading and Generating Journeymap configs
[23:53:33] [Render thread/WARN] [PropertiesBase] core (Initialized) Bad configField entry during updateFrom(): optionsManagerViewed=null
[23:53:33] [Render thread/INFO] [?] Version: JourneyMap 1.20.1-5.10.3, built with forge 1.20.1-47.2.30
forge: 47.4.16
Environment: os.name, os.arch, java.version, user.country, user.language=null, game language=en_us, locale=en_us
Features: 
	RadarPlayers : singleplayer = true , multiplayer = true
	RadarAnimals : singleplayer = true , multiplayer = true
	RadarMobs : singleplayer = true , multiplayer = true
	RadarVillagers : singleplayer = true , multiplayer = true
	MapTopo : singleplayer = true , multiplayer = true
	MapSurface : singleplayer = true , multiplayer = true
	MapCaves : singleplayer = true , multiplayer = true
	MapBiome : singleplayer = true , multiplayer = true
MiniMapProperties{state=Valid, file=journeymap.minimap.config, configVersion=5.10.3, zoomLevel=1, compassFontScale=1.0, terrainAlpha=100, showEntityNames=true, positionX=0.9, positionY=0.25, effectVertical=false, showPlayerHeading=true, sizePercent=30, playerDisplayScale=1.0, showDayNight=true, showPets=true, preferredMapType=day, showCompass=true, mobDisplay=jm.common.entity_display.dots, systemTimeRealFormat=HH:mm:ss, shape=jm.minimap.shape_circle, showSelf=true, selfDisplayScale=1.0, showGrid=true, reticleOrientation=jm.minimap.orientation.compass, gameTimeRealFormat=HH:mm:ss, effectTranslateX=-103, showWaypoints=true, minimapKeyMovementSpeed=0.001, showAnimals=true, infoSlotAlpha=0.7, effectTranslateY=0, showWaypointLabels=true, moveEffectIcons=true, position=jm.minimap.position_topright, fontScale=1.0, showPlayers=true, waypointIconScale=1.0, frameAlpha=100, effectReversed=false, backgroundAlpha=0.8, enabled=true, showVillagers=true, info2Label=jm.theme.labelsource.gametime, info3Label=jm.theme.labelsource.location, showMobs=true, waypointLabelScale=1.0, showReticle=true, orientation=jm.minimap.orientation.north, info4Label=jm.theme.labelsource.biome, locationFormat=xzyv, playerDisplay=jm.common.entity_display.dots, mobDisplayScale=1.0, showCaves=true, showMobHeading=true, locationFormatVerbose=true, info1Label=jm.theme.labelsource.blank}
MiniMapProperties{state=Valid, file=journeymap.minimap2.config, configVersion=5.10.3, zoomLevel=0, compassFontScale=1.0, terrainAlpha=100, showEntityNames=true, positionX=0.9, positionY=0.25, effectVertical=false, showPlayerHeading=true, sizePercent=30, playerDisplayScale=1.0, showDayNight=true, showPets=true, preferredMapType=day, showCompass=true, mobDisplay=jm.common.entity_display.dots, systemTimeRealFormat=HH:mm:ss, shape=jm.minimap.shape_rectangle, showSelf=true, selfDisplayScale=1.0, showGrid=true, reticleOrientation=jm.minimap.orientation.compass, gameTimeRealFormat=HH:mm:ss, effectTranslateX=-195, showWaypoints=true, minimapKeyMovementSpeed=0.001, showAnimals=true, infoSlotAlpha=0.7, effectTranslateY=0, showWaypointLabels=true, moveEffectIcons=true, position=jm.minimap.position_topright, fontScale=1.0, showPlayers=true, waypointIconScale=1.0, frameAlpha=100, effectReversed=false, backgroundAlpha=0.8, enabled=true, showVillagers=true, info2Label=jm.theme.labelsource.gametime, info3Label=jm.theme.labelsource.location, showMobs=true, waypointLabelScale=1.0, showReticle=true, orientation=jm.minimap.orientation.north, info4Label=jm.theme.labelsource.biome, locationFormat=xzyv, playerDisplay=jm.common.entity_display.dots, mobDisplayScale=1.0, showCaves=true, showMobHeading=true, locationFormatVerbose=true, info1Label=jm.theme.labelsource.blank}
FullMapProperties{state=Valid, file=journeymap.fullmap.config, configVersion=5.10.3, zoomLevel=0, showPlayers=true, waypointIconScale=1.0, showEntityNames=true, showPlayerHeading=true, showVillagers=true, showPlayerLoc=true, showKeys=true, playerDisplayScale=1.0, showMobs=true, showPets=true, waypointLabelScale=1.0, preferredMapType=day, mobDisplay=jm.common.entity_display.dots, showSelf=true, locationFormat=xzyv, playerDisplay=jm.common.entity_display.dots, mobDisplayScale=1.0, selfDisplayScale=1.0, showGrid=true, showMouseLoc=true, showWaypoints=true, showCaves=true, showAnimals=true, showMobHeading=true, showWaypointLabels=true, locationFormatVerbose=true, fontScale=1.0}
WaypointProperties{state=Valid, file=journeymap.waypoint.config, configVersion=5.10.3, autoRemoveDeathpointDistance=2, dateFormat=MM-dd-yyyy, autoRemoveDeathpoints=false, fullscreenDoubleClickToCreate=true, managerDimensionFocus=false, minDistance=4, boldLabel=false, textureSmall=true, showDeathpointlabel=true, beaconEnabled=true, createDeathpoints=true, showName=true, disableStrikeThrough=false, maxDistance=0, autoHideLabel=true, autoRemoveTempWaypoints=2, teleportCommand=/tp {name} {x} {y} {z}, showStaticBeam=true, shaderBeacon=false, timeFormat=HH:mm:ss, showDeviationLabel=false, showDistance=true, showRotatingBeam=true, fontScale=2.0, showTexture=true, managerEnabled=true}
WebMapProperties{state=Valid, file=journeymap.webmap.config, configVersion=5.10.3, port=8080, enabled=false}
CoreProperties{state=Valid, file=journeymap.core.config, configVersion=5.10.3, verboseColorPalette=false, maxPlayersData=32, mapSurfaceAboveCaves=true, dataCachingEnabled=true, optionsManagerViewed=null, announceMod=true, colorPassive=#bbbbbb, mapBlendWater=false, renderDistanceSurfaceMax=0, seedId=false, radarVerticalDistance=16, mapBlendGrass=true, recordCacheStats=false, hideSneakingEntities=true, revealShape=jm.minimap.shape_circle, mapBiome=true, alwaysMapSurface=false, colorVillager=#88e188, mapPlants=false, colorPet=#0077ff, radarLateralDistance=64, mapBathymetry=false, mapCrops=true, maxMobsData=32, mapPlantShadows=false, alwaysMapCaves=false, checkUpdates=true, mapBlendFoliage=true, hideSpectators=false, mappingEnabled=true, colorPlayer=#ffffff, tileHighDisplayQuality=true, cacheVillagersData=2200, logLevel=INFO, maxVillagersData=32, mapWaterBiomeColors=false, maxAnimalsData=32, mapTransparency=true, caveBlackAsClear=false, tileRenderType=1, caveIgnoreGlass=true, mapTopography=true, renderDistanceCaveMax=0, mapAntialiasing=true, colorSelf=#0000ff, cachePlayersData=2000, cacheMobsData=3000, cachePlayerData=1000, splashViewed=5.10.3, colorHostile=#ff0000, cacheAnimalsData=3100, themeName=OceanMonument, mapCaveLighting=true, renderDelay=2, glErrorChecking=false, autoMapPoll=2000}
[23:53:33] [Render thread/DEBUG] [ForgeEventHandlerManager] Handler registered: journeymap.client.event.forge.ForgeKeyEvents
[23:53:33] [Render thread/DEBUG] [ForgeEventHandlerManager] Handler registered: journeymap.client.event.forge.ForgeChatEvents
[23:53:33] [Render thread/DEBUG] [ForgeEventHandlerManager] Handler registered: journeymap.client.event.forge.ForgeHudOverlayEvents
[23:53:33] [Render thread/DEBUG] [ForgeEventHandlerManager] Handler registered: journeymap.client.event.forge.ForgeWorldEvent
[23:53:33] [Render thread/DEBUG] [ForgeEventHandlerManager] Handler registered: journeymap.client.event.forge.ForgeChunkEvents
[23:53:33] [Render thread/DEBUG] [ForgeEventHandlerManager] Handler registered: journeymap.client.event.forge.ForgeClientTickEvent
[23:53:33] [Render thread/DEBUG] [ForgeEventHandlerManager] Handler registered: journeymap.client.event.forge.ForgeRenderLevelLastEvent
[23:53:33] [Render thread/DEBUG] [ForgeEventHandlerManager] Handler registered: journeymap.client.event.forge.ForgeLoggedInEvent
[23:53:33] [Render thread/DEBUG] [ForgeEventHandlerManager] Handler registered: journeymap.client.event.forge.ForgeTextureStitchedEvent
[23:53:33] [Render thread/DEBUG] [ForgeEventHandlerManager] Handler registered: journeymap.client.event.forge.ForgePopupCustomEvents
[23:53:33] [Render thread/INFO] [JourneymapClient] initialize EXIT, elapsed count 1 avg 351.47ms
[23:53:48] [Render thread/INFO] [JourneymapClient] Journeymap PostInit
[23:53:48] [Render thread/DEBUG] [JourneymapClient] postInitialize ENTER
[23:53:48] [Render thread/TRACE] [ThemeLoader] Initializing themes ...
[23:53:48] [Render thread/INFO] [ThemeLoader] Preloaded theme textures: 73
[23:53:48] [Render thread/INFO] [JourneymapClient] postInitialize EXIT, elapsed count 1 avg 306.23ms
[23:54:50] [Server thread/INFO] [ForgeConfig] Loading JourneyMap Forge Configs
[23:55:21] [Render thread/WARN] [PropertiesBase] core (Initialized) Bad configField entry during updateFrom(): optionsManagerViewed=null
[23:55:21] [Render thread/INFO] [WaypointStore] Loaded 0 waypoints from C:\Users\sqviz\AppData\Roaming\AstralRinthApp\profiles\GregTech_ Stranded in Abyss\journeymap\data\sp\New World\waypoints
[23:55:21] [Render thread/INFO] [JourneymapClient] Mapping started in C:\Users\sqviz\AppData\Roaming\AstralRinthApp\profiles\GregTech_ Stranded in Abyss\journeymap\data\sp\New World\overworld. Memory: 4192MB total, 584MB free 
[23:55:23] [Render thread/INFO] [JourneymapClient] Mapping halted in C:\Users\sqviz\AppData\Roaming\AstralRinthApp\profiles\GregTech_ Stranded in Abyss\journeymap\data\sp\New World\minecraft:overworld
[23:55:23] [JM-task-4/WARN] [TaskBatch] TaskBatch thread interrupted: journeymap.client.task.multi.MapPlayerTask$MapPlayerTaskBatch@6ce2ccf9
[23:55:24] [Render thread/WARN] [PropertiesBase] core (Initialized) Bad configField entry during updateFrom(): optionsManagerViewed=null
[23:55:24] [Render thread/INFO] [WaypointStore] Loaded 0 waypoints from C:\Users\sqviz\AppData\Roaming\AstralRinthApp\profiles\GregTech_ Stranded in Abyss\journeymap\data\sp\New World\waypoints
[23:55:24] [Render thread/INFO] [JourneymapClient] Mapping started in C:\Users\sqviz\AppData\Roaming\AstralRinthApp\profiles\GregTech_ Stranded in Abyss\journeymap\data\sp\New World\sgjourney~abydos. Memory: 4268MB total, 278MB free 
[23:55:50] [Render thread/INFO] [ChatLog] JourneyMap: Press [J]
[23:57:56] [Render thread/INFO] [DeathPointHandler] tomoko3seven died at BlockPos{x=72, y=73, z=96}. Deathpoints enabled: true. Deathpoint created: true
[23:57:57] [Render thread/INFO] [JourneymapClient] Mapping halted in C:\Users\sqviz\AppData\Roaming\AstralRinthApp\profiles\GregTech_ Stranded in Abyss\journeymap\data\sp\New World\sgjourney:abydos
[23:57:58] [Render thread/WARN] [PropertiesBase] core (Initialized) Bad configField entry during updateFrom(): optionsManagerViewed=null
[23:57:58] [Render thread/INFO] [WaypointStore] Loaded 0 waypoints from C:\Users\sqviz\AppData\Roaming\AstralRinthApp\profiles\GregTech_ Stranded in Abyss\journeymap\data\sp\New World\waypoints
[23:57:59] [Render thread/INFO] [JourneymapClient] Mapping started in C:\Users\sqviz\AppData\Roaming\AstralRinthApp\profiles\GregTech_ Stranded in Abyss\journeymap\data\sp\New World\overworld. Memory: 6080MB total, 2782MB free 
[00:00:28] [Render thread/INFO] [JourneymapClient] Mapping halted in C:\Users\sqviz\AppData\Roaming\AstralRinthApp\profiles\GregTech_ Stranded in Abyss\journeymap\data\sp\New World\minecraft:overworld
[00:00:29] [Render thread/WARN] [PropertiesBase] core (Initialized) Bad configField entry during updateFrom(): optionsManagerViewed=null
[00:00:29] [Render thread/INFO] [WaypointStore] Loaded 1 waypoints from C:\Users\sqviz\AppData\Roaming\AstralRinthApp\profiles\GregTech_ Stranded in Abyss\journeymap\data\sp\New World\waypoints
[00:00:29] [Render thread/INFO] [JourneymapClient] Mapping started in C:\Users\sqviz\AppData\Roaming\AstralRinthApp\profiles\GregTech_ Stranded in Abyss\journeymap\data\sp\New World\sgjourney~abydos. Memory: 6080MB total, 2675MB free 
[00:02:40] [Render thread/INFO] [JourneymapClient] Mapping halted in C:\Users\sqviz\AppData\Roaming\AstralRinthApp\profiles\GregTech_ Stranded in Abyss\journeymap\data\mp\offline\sgjourney:abydos
[00:02:41] [Server thread/INFO] [ForgeConfig] Loading JourneyMap Forge Configs
